2026-02-10 20:39:40,050 - INFO - Попытка подключения к устройству D8:A9:8B:7D:58:E5...
2026-02-10 20:39:40,642 - INFO - Устройство успешно подключено!
2026-02-10 20:39:40,642 - INFO - Отправка команды очистки экрана (CLS)...
2026-02-10 20:39:40,642 - INFO - Отправка строки: 'CLS'
2026-02-10 20:39:46,679 - INFO - Начало отправки списка...
2026-02-10 20:39:46,679 - INFO - Отправка строки: '1. Find the Oil Racing Edition в Epic Game Store (бесплатная раздача)'
2026-02-10 20:39:48,287 - INFO - Отправка строки: '2. Botany Manor в Epic Game Store (бесплатная раздача)'
2026-02-10 20:39:49,873 - INFO - Отправка строки: '3. SunBlockers в Epic Game Store (бесплатная раздача)'
2026-02-10 20:39:51,460 - INFO - Отправка строки: '4. nightreaper2 в Epic Game Store (бесплатная раздача)'
2026-02-10 20:39:53,047 - INFO - Отправка строки: '5. Pixel Gun 3D - Poison Retro Set в Epic Game Store (бесплатная раздача)'
2026-02-10 20:39:54,654 - INFO - Список успешно отправлен!
2026-02-10 20:39:56,570 - INFO - Работа программы завершена.
2026-02-10 20:40:11,980 - INFO - Попытка подключения к устройству D8:A9:8B:7D:58:E5...
2026-02-10 20:40:12,722 - INFO - Устройство успешно подключено!
2026-02-10 20:40:12,722 - INFO - Отправка команды очистки экрана (CLS)...
2026-02-10 20:40:12,722 - INFO - Отправка строки: 'CLS'
2026-02-10 20:40:18,758 - INFO - Начало отправки списка...
2026-02-10 20:40:18,758 - INFO - Отправка строки: '1. Find the Oil Racing Edition в Epic Game Store'
2026-02-10 20:40:20,322 - INFO - Отправка строки: '2. Botany Manor в Epic Game Store'
2026-02-10 20:40:21,866 - INFO - Отправка строки: '3. SunBlockers в Epic Game Store'
2026-02-10 20:40:23,409 - INFO - Отправка строки: '4. nightreaper2 в Epic Game Store'
2026-02-10 20:40:24,952 - INFO - Отправка строки: '5. Pixel Gun 3D - Poison Retro Set в Epic Game Store'
2026-02-10 20:40:26,516 - INFO - Список успешно отправлен!
2026-02-10 20:40:28,570 - INFO - Работа программы завершена.
2026-02-10 20:41:27,293 - INFO - Попытка подключения к устройству D8:A9:8B:7D:58:E5...
2026-02-10 20:41:28,018 - INFO - Устройство успешно подключено!
2026-02-10 20:41:28,019 - INFO - Отправка команды очистки экрана (CLS)...
2026-02-10 20:41:28,019 - INFO - Отправка строки: 'CLS'
2026-02-10 20:41:35,056 - INFO - Начало отправки списка...
2026-02-10 20:41:35,057 - INFO - Отправка строки: '1. Find the Oil Racing Edition|Epic Game Store'
2026-02-10 20:41:36,623 - INFO - Отправка строки: '2. Botany Manor|Epic Game Store'
2026-02-10 20:41:38,167 - INFO - Отправка строки: '3. SunBlockers|Epic Game Store'
2026-02-10 20:41:39,712 - INFO - Отправка строки: '4. nightreaper2|Epic Game Store'
2026-02-10 20:41:41,257 - INFO - Отправка строки: '5. Pixel Gun 3D - Poison Retro Set|Epic Game Store'
2026-02-10 20:41:42,822 - INFO - Список успешно отправлен!
2026-02-10 20:41:45,572 - INFO - Работа программы завершена.
2026-02-10 20:43:53,358 - INFO - Попытка подключения к устройству D8:A9:8B:7D:58:E5...
2026-02-10 20:43:54,109 - INFO - Устройство успешно подключено!
2026-02-10 20:43:54,110 - INFO - Отправка команды очистки экрана (CLS)...
2026-02-10 20:43:54,110 - INFO - Отправка строки: 'CLS'
2026-02-10 20:44:01,148 - INFO - Начало отправки списка...
2026-02-10 20:44:01,148 - INFO - Отправка строки: '1. Find the Oil Racing Edition|Epic Game Store'
2026-02-10 20:44:02,712 - INFO - Отправка строки: '2. Botany Manor|Epic Game Store'
2026-02-10 20:44:04,257 - INFO - Отправка строки: '3. SunBlockers|Epic Game Store'
2026-02-10 20:44:05,801 - INFO - Отправка строки: '4. nightreaper2|Epic Game Store'
2026-02-10 20:44:07,345 - INFO - Отправка строки: '5. Pixel Gun 3D - Poison Retro Set|Epic Game Store'
2026-02-10 20:44:08,910 - INFO - Список успешно отправлен!
2026-02-10 20:44:11,566 - INFO - Работа программы завершена.
2026-02-10 20:47:16,610 - INFO - Попытка подключения к устройству D8:A9:8B:7D:58:E5...
2026-02-10 20:47:17,214 - INFO - Устройство успешно подключено! Ожидание инициализации...
2026-02-10 20:47:19,717 - INFO - Отправка команды очистки экрана (CLS)...
2026-02-10 20:47:19,717 - INFO - Отправка строки: 'CLS'
2026-02-10 20:47:23,772 - INFO - Начало отправки списка...
2026-02-10 20:47:23,772 - INFO - Отправка строки: '1. Find the Oil Racing Edition|Epic Game Store'
2026-02-10 20:47:25,426 - INFO - Отправка строки: '2. Botany Manor|Epic Game Store'
2026-02-10 20:47:27,030 - INFO - Отправка строки: '3. SunBlockers|Epic Game Store'
2026-02-10 20:47:28,633 - INFO - Отправка строки: '4. nightreaper2|Epic Game Store'
2026-02-10 20:47:30,236 - INFO - Отправка строки: '5. Pixel Gun 3D - Poison Retro Set|Epic Game Store'
2026-02-10 20:47:31,890 - INFO - Список успешно отправлен!
2026-02-10 20:47:34,573 - INFO - Работа программы завершена.
2026-02-10 20:48:12,538 - INFO - Попытка подключения к устройству D8:A9:8B:7D:58:E5...
2026-02-10 20:48:13,177 - INFO - Устройство успешно подключено! Ожидание инициализации...
2026-02-10 20:48:15,680 - INFO - Отправка команды очистки экрана (CLS)...
2026-02-10 20:48:15,680 - INFO - Отправка строки: 'CLS'
2026-02-10 20:48:23,739 - INFO - Начало отправки списка...
2026-02-10 20:48:23,739 - INFO - Отправка строки: '1. Find the Oil Racing Edition|Epic Game Store'
2026-02-10 20:48:26,895 - INFO - Отправка строки: '2. Botany Manor|Epic Game Store'
2026-02-10 20:48:30,000 - INFO - Отправка строки: '3. SunBlockers|Epic Game Store'
2026-02-10 20:48:33,105 - INFO - Отправка строки: '4. nightreaper2|Epic Game Store'
2026-02-10 20:48:36,210 - INFO - Отправка строки: '5. Pixel Gun 3D - Poison Retro Set|Epic Game Store'
2026-02-10 20:48:39,366 - INFO - Список успешно отправлен!
2026-02-10 20:48:41,564 - INFO - Работа программы завершена.
2026-02-10 20:49:10,947 - INFO - Попытка подключения к устройству D8:A9:8B:7D:58:E5...
2026-02-10 20:49:11,618 - INFO - Устройство успешно подключено! Ожидание инициализации...
2026-02-10 20:49:14,120 - INFO - Отправка команды очистки экрана (CLS)...
2026-02-10 20:49:14,120 - INFO - Отправка строки: 'CLS'
2026-02-10 20:49:22,178 - INFO - Начало отправки списка...
2026-02-10 20:49:22,178 - INFO - Отправка строки: '1.Find the Oil Racing Edition|Epic Game Store'
2026-02-10 20:49:25,333 - INFO - Отправка строки: '2.Botany Manor|Epic Game Store'
2026-02-10 20:49:28,439 - INFO - Отправка строки: '3.SunBlockers|Epic Game Store'
2026-02-10 20:49:31,543 - INFO - Отправка строки: '4.nightreaper2|Epic Game Store'
2026-02-10 20:49:34,648 - INFO - Отправка строки: '5.Pixel Gun 3D - Poison Retro Set|Epic Game Store'
2026-02-10 20:49:37,805 - INFO - Список успешно отправлен!
2026-02-10 20:49:40,567 - INFO - Работа программы завершена.
2026-02-10 20:51:02,981 - INFO - Попытка подключения к устройству D8:A9:8B:7D:58:E5...
2026-02-10 20:51:03,690 - INFO - Устройство успешно подключено! Ожидание инициализации...
2026-02-10 20:51:06,193 - INFO - Отправка команды очистки экрана (CLS)...
2026-02-10 20:51:06,193 - INFO - Отправка строки: 'CLS'
2026-02-10 20:51:14,252 - INFO - Начало отправки списка...
2026-02-10 20:51:14,252 - INFO - Отправка строки: '1.Find the Oil Racing Edition|Epic Game Store'
2026-02-10 20:51:17,408 - INFO - Отправка строки: '2.Botany Manor|Epic Game Store'
2026-02-10 20:51:20,513 - INFO - Отправка строки: '3.SunBlockers|Epic Game Store'
2026-02-10 20:51:23,618 - INFO - Отправка строки: '4.nightreaper2|Epic Game Store'
2026-02-10 20:51:26,723 - INFO - Отправка строки: '5.Pixel Gun 3D - Poison Retro Set|Epic Game Store'
2026-02-10 20:51:29,879 - INFO - Список успешно отправлен!
2026-02-10 20:51:32,568 - INFO - Работа программы завершена.
2026-02-10 20:54:34,355 - INFO - Попытка подключения к устройству D8:A9:8B:7D:58:E5...
2026-02-10 20:54:35,015 - INFO - Устройство успешно подключено! Ожидание инициализации...
2026-02-10 20:54:37,518 - INFO - Отправка команды очистки экрана (CLS)...
2026-02-10 20:54:37,518 - INFO - Отправка строки: 'CLS'
2026-02-10 20:54:45,577 - INFO - Начало отправки списка...
2026-02-10 20:54:45,577 - INFO - Отправка строки: '1.Find the Oil Racing Edition|Epic'
2026-02-10 20:54:48,682 - INFO - Отправка строки: '2.Botany Manor|Epic'
2026-02-10 20:54:51,736 - INFO - Отправка строки: '3.SunBlockers|Epic'
2026-02-10 20:54:54,790 - INFO - Отправка строки: '4.nightreaper2|Epic'
2026-02-10 20:54:57,844 - INFO - Отправка строки: '5.Pixel Gun 3D - Poison Retro Set|Epic'
2026-02-10 20:55:00,948 - INFO - Список успешно отправлен!
2026-02-10 20:55:03,564 - INFO - Работа программы завершена.
2026-02-10 20:55:51,516 - INFO - Попытка подключения к устройству D8:A9:8B:7D:58:E5...
2026-02-10 20:55:52,509 - INFO - Устройство успешно подключено! Ожидание инициализации...
2026-02-10 20:55:55,012 - INFO - Отправка команды очистки экрана (CLS)...
2026-02-10 20:55:55,012 - INFO - Отправка строки: 'CLS'
2026-02-10 20:56:03,071 - INFO - Начало отправки списка...
2026-02-10 20:56:03,071 - INFO - Отправка строки: '1.Find the Oil Racing Edition|Epic'
2026-02-10 20:56:06,175 - INFO - Отправка строки: '2.Botany Manor|Epic'
2026-02-10 20:56:09,229 - INFO - Отправка строки: '3.SunBlockers|Epic'
2026-02-10 20:56:12,283 - INFO - Отправка строки: '4.nightreaper2|Epic'
2026-02-10 20:56:15,337 - INFO - Отправка строки: '5.Pixel Gun 3D - Poison Retro Set|Epic'
2026-02-10 20:56:18,441 - INFO - Список успешно отправлен!
2026-02-10 20:56:20,566 - INFO - Работа программы завершена.
2026-02-10 20:58:53,336 - INFO - Попытка подключения к устройству D8:A9:8B:7D:58:E5...
2026-02-10 20:58:54,124 - INFO - Устройство успешно подключено! Ожидание инициализации...
2026-02-10 20:58:56,626 - INFO - Отправка команды очистки экрана (CLS)...
2026-02-10 20:58:56,626 - INFO - Отправка строки: 'CLS'
2026-02-10 20:59:04,686 - INFO - Начало отправки списка...
2026-02-10 20:59:04,686 - INFO - Отправка строки: '1.Find the Oil Racing Edition|Epic'
2026-02-10 20:59:07,791 - INFO - Отправка строки: '2.Botany Manor|Epic'
2026-02-10 20:59:10,845 - INFO - Отправка строки: '3.SunBlockers|Epic'
2026-02-10 20:59:13,899 - INFO - Отправка строки: '4.nightreaper2|Epic'
2026-02-10 20:59:16,953 - INFO - Отправка строки: '5.Pixel Gun 3D - Poison Retro Set|Epic'
2026-02-10 20:59:20,059 - INFO - Список успешно отправлен!
2026-02-10 20:59:22,571 - INFO - Работа программы завершена.
2026-02-10 21:02:50,604 - INFO - Попытка подключения к устройству D8:A9:8B:7D:58:E5...
2026-02-10 21:02:51,189 - INFO - Устройство успешно подключено! Ожидание инициализации...
2026-02-10 21:02:53,692 - INFO - Отправка команды очистки экрана (CLS)...
2026-02-10 21:02:53,692 - INFO - Отправка строки: 'CLS'
2026-02-10 21:03:01,747 - INFO - Начало отправки списка...
2026-02-10 21:03:01,747 - INFO - Отправка строки: '1.Find the Oil Racing Edition|Epic'
2026-02-10 21:03:04,851 - INFO - Отправка строки: '2.Botany Manor|Epic'
2026-02-10 21:03:07,906 - INFO - Отправка строки: '3.SunBlockers|Epic'
2026-02-10 21:03:10,960 - INFO - Отправка строки: '4.nightreaper2|Epic'
2026-02-10 21:03:14,012 - INFO - Отправка строки: '5.Pixel Gun 3D - Poison Retro Set|Epic'
2026-02-10 21:03:17,117 - INFO - Список успешно отправлен!
2026-02-10 21:03:19,569 - INFO - Работа программы завершена.
2026-02-10 21:08:20,617 - INFO - Попытка подключения к устройству D8:A9:8B:7D:58:E5...
2026-02-10 21:08:21,321 - INFO - Устройство успешно подключено! Ожидание инициализации...
2026-02-10 21:08:23,824 - INFO - Отправка команды очистки экрана (CLS)...
2026-02-10 21:08:23,824 - INFO - Отправка строки: 'CLS'
2026-02-10 21:08:31,884 - INFO - Начало отправки списка...
2026-02-10 21:08:31,884 - INFO - Отправка строки: '1.Find the Oil Racing Edition|Epic'
2026-02-10 21:08:34,990 - INFO - Отправка строки: '2.Botany Manor|Epic'
2026-02-10 21:08:38,044 - INFO - Отправка строки: '3.SunBlockers|Epic'
2026-02-10 21:08:41,099 - INFO - Отправка строки: '4.nightreaper2|Epic'
2026-02-10 21:08:44,154 - INFO - Отправка строки: '5.Pixel Gun 3D - Poison Retro Set|Epic'
2026-02-10 21:08:47,258 - INFO - Список успешно отправлен!
2026-02-10 21:08:49,570 - INFO - Работа программы завершена.
